<?xml version="1.0" encoding="UTF-8" ?>
<testsuite failures="0" time="2.461" errors="0" skipped="0" tests="21" name="wjhk.jupload2.filedata.PictureFileDataTest">
  <properties>
    <property name="java.runtime.name" value="Java(TM) SE Runtime Environment"/>
    <property name="sun.boot.library.path" value="/usr/lib/jvm/java-6-sun-1.6.0.26/jre/lib/amd64"/>
    <property name="java.vm.version" value="20.1-b02"/>
    <property name="maxPicHeight" value="120"/>
    <property name="java.vm.vendor" value="Sun Microsystems Inc."/>
    <property name="java.vendor.url" value="http://java.sun.com/"/>
    <property name="path.separator" value=":"/>
    <property name="java.vm.name" value="Java HotSpot(TM) 64-Bit Server VM"/>
    <property name="file.encoding.pkg" value="sun.io"/>
    <property name="user.country" value="BR"/>
    <property name="sun.java.launcher" value="SUN_STANDARD"/>
    <property name="sun.os.patch.level" value="unknown"/>
    <property name="java.vm.specification.name" value="Java Virtual Machine Specification"/>
    <property name="user.dir" value="/home/gustavo/git/jupload"/>
    <property name="java.runtime.version" value="1.6.0_26-b03"/>
    <property name="java.awt.graphicsenv" value="sun.awt.X11GraphicsEnvironment"/>
    <property name="basedir" value="/home/gustavo/git/jupload"/>
    <property name="maxPicWidth" value="12345"/>
    <property name="java.endorsed.dirs" value="/usr/lib/jvm/java-6-sun-1.6.0.26/jre/lib/endorsed"/>
    <property name="os.arch" value="amd64"/>
    <property name="surefire.real.class.path" value="/home/gustavo/git/jupload/target/surefire/surefirebooter6391040958469806231.jar"/>
    <property name="java.io.tmpdir" value="/tmp"/>
    <property name="line.separator" value="
"/>
    <property name="postURL" value="http://localhost/index.html"/>
    <property name="java.vm.specification.vendor" value="Sun Microsystems Inc."/>
    <property name="os.name" value="Linux"/>
    <property name="sun.jnu.encoding" value="UTF-8"/>
    <property name="java.library.path" value="/usr/lib/jvm/java-6-sun-1.6.0.26/jre/lib/amd64/server:/usr/lib/jvm/java-6-sun-1.6.0.26/jre/lib/amd64:/usr/lib/jvm/java-6-sun-1.6.0.26/jre/../lib/amd64:/usr/java/packages/lib/amd64:/usr/lib64:/lib64:/lib:/usr/lib"/>
    <property name="surefire.test.class.path" value="/home/gustavo/git/jupload/target/test-classes:/home/gustavo/git/jupload/target/generated-classes/cobertura:/home/gustavo/.m2/repository/junit/junit/4.5/junit-4.5.jar:/home/gustavo/.m2/repository/commons-net/commons-net/1.4.1/commons-net-1.4.1.jar:/home/gustavo/.m2/repository/oro/oro/2.0.8/oro-2.0.8.jar:/usr/lib/jvm/java-6-sun-1.6.0.26/jre/lib/plugin.jar:/home/gustavo/.m2/repository/log4j/log4j/1.2.13/log4j-1.2.13.jar:/home/gustavo/.m2/repository/org/apache/maven/maven-plugin-api/2.0/maven-plugin-api-2.0.jar:/home/gustavo/.m2/repository/commons-lang/commons-lang/2.5/commons-lang-2.5.jar:/home/gustavo/.m2/repository/org/mockito/mockito-all/1.8.1/mockito-all-1.8.1.jar:/home/gustavo/.m2/repository/net/sourceforge/cobertura/cobertura/1.9.4.1/cobertura-1.9.4.1.jar:/home/gustavo/.m2/repository/org/apache/ant/ant/1.7.0/ant-1.7.0.jar:/home/gustavo/.m2/repository/org/apache/ant/ant-launcher/1.7.0/ant-launcher-1.7.0.jar:"/>
    <property name="java.specification.name" value="Java Platform API Specification"/>
    <property name="java.class.version" value="50.0"/>
    <property name="sun.management.compiler" value="HotSpot 64-Bit Tiered Compilers"/>
    <property name="os.version" value="3.0.0-12-generic"/>
    <property name="user.home" value="/home/gustavo"/>
    <property name="user.timezone" value="America/Sao_Paulo"/>
    <property name="java.awt.printerjob" value="sun.print.PSPrinterJob"/>
    <property name="java.specification.version" value="1.6"/>
    <property name="file.encoding" value="UTF-8"/>
    <property name="user.name" value="gustavo"/>
    <property name="java.class.path" value="/home/gustavo/git/jupload/target/test-classes:/home/gustavo/git/jupload/target/generated-classes/cobertura:/home/gustavo/.m2/repository/junit/junit/4.5/junit-4.5.jar:/home/gustavo/.m2/repository/commons-net/commons-net/1.4.1/commons-net-1.4.1.jar:/home/gustavo/.m2/repository/oro/oro/2.0.8/oro-2.0.8.jar:/usr/lib/jvm/java-6-sun-1.6.0.26/jre/lib/plugin.jar:/home/gustavo/.m2/repository/log4j/log4j/1.2.13/log4j-1.2.13.jar:/home/gustavo/.m2/repository/org/apache/maven/maven-plugin-api/2.0/maven-plugin-api-2.0.jar:/home/gustavo/.m2/repository/commons-lang/commons-lang/2.5/commons-lang-2.5.jar:/home/gustavo/.m2/repository/org/mockito/mockito-all/1.8.1/mockito-all-1.8.1.jar:/home/gustavo/.m2/repository/net/sourceforge/cobertura/cobertura/1.9.4.1/cobertura-1.9.4.1.jar:/home/gustavo/.m2/repository/org/apache/ant/ant/1.7.0/ant-1.7.0.jar:/home/gustavo/.m2/repository/org/apache/ant/ant-launcher/1.7.0/ant-launcher-1.7.0.jar:"/>
    <property name="java.vm.specification.version" value="1.0"/>
    <property name="sun.arch.data.model" value="64"/>
    <property name="java.home" value="/usr/lib/jvm/java-6-sun-1.6.0.26/jre"/>
    <property name="sun.java.command" value="/home/gustavo/git/jupload/target/surefire/surefirebooter6391040958469806231.jar /home/gustavo/git/jupload/target/surefire/surefire6698248545846541252tmp /home/gustavo/git/jupload/target/surefire/surefire3598651402440592642tmp"/>
    <property name="java.specification.vendor" value="Sun Microsystems Inc."/>
    <property name="user.language" value="pt"/>
    <property name="java.vm.info" value="mixed mode"/>
    <property name="java.version" value="1.6.0_26"/>
    <property name="java.ext.dirs" value="/usr/lib/jvm/java-6-sun-1.6.0.26/jre/lib/ext:/usr/java/packages/lib/ext"/>
    <property name="sun.boot.class.path" value="/usr/lib/jvm/java-6-sun-1.6.0.26/jre/lib/resources.jar:/usr/lib/jvm/java-6-sun-1.6.0.26/jre/lib/rt.jar:/usr/lib/jvm/java-6-sun-1.6.0.26/jre/lib/sunrsasign.jar:/usr/lib/jvm/java-6-sun-1.6.0.26/jre/lib/jsse.jar:/usr/lib/jvm/java-6-sun-1.6.0.26/jre/lib/jce.jar:/usr/lib/jvm/java-6-sun-1.6.0.26/jre/lib/charsets.jar:/usr/lib/jvm/java-6-sun-1.6.0.26/jre/lib/modules/jdk.boot.jar:/usr/lib/jvm/java-6-sun-1.6.0.26/jre/classes"/>
    <property name="java.vendor" value="Sun Microsystems Inc."/>
    <property name="localRepository" value="/home/gustavo/.m2/repository"/>
    <property name="file.separator" value="/"/>
    <property name="java.vendor.url.bug" value="http://java.sun.com/cgi-bin/bugreport.cgi"/>
    <property name="sun.cpu.endian" value="little"/>
    <property name="sun.io.unicode.encoding" value="UnicodeLittle"/>
    <property name="pictureTransmitMetadata" value="true"/>
    <property name="sun.cpu.isalist" value=""/>
  </properties>
  <testcase time="0.799" classname="wjhk.jupload2.filedata.PictureFileDataTest" name="testConstructor"/>
  <testcase time="0.107" classname="wjhk.jupload2.filedata.PictureFileDataTest" name="testBeforeUpload_noTransformation"/>
  <testcase time="0.251" classname="wjhk.jupload2.filedata.PictureFileDataTest" name="testBeforeUpload_oneRotation"/>
  <testcase time="0.023" classname="wjhk.jupload2.filedata.PictureFileDataTest" name="testGetUploadLength"/>
  <testcase time="0.015" classname="wjhk.jupload2.filedata.PictureFileDataTest" name="testGetInputStream_nonPreparedFile"/>
  <testcase time="0.079" classname="wjhk.jupload2.filedata.PictureFileDataTest" name="testGetInputStream_nonTransformedFile"/>
  <testcase time="0.114" classname="wjhk.jupload2.filedata.PictureFileDataTest" name="testGetInputStream_RotatedFile"/>
  <testcase time="0.131" classname="wjhk.jupload2.filedata.PictureFileDataTest" name="testAfterUpload"/>
  <testcase time="0.282" classname="wjhk.jupload2.filedata.PictureFileDataTest" name="testGetImage"/>
  <testcase time="0.019" classname="wjhk.jupload2.filedata.PictureFileDataTest" name="testAddRotation"/>
  <testcase time="0.012" classname="wjhk.jupload2.filedata.PictureFileDataTest" name="testDeleteTransformedPictureFile"/>
  <testcase time="0.011" classname="wjhk.jupload2.filedata.PictureFileDataTest" name="testDeleteWorkingCopyPictureFile"/>
  <testcase time="0.132" classname="wjhk.jupload2.filedata.PictureFileDataTest" name="testInitTransformedPictureFile_Smaller_maxWidth"/>
  <testcase time="0.122" classname="wjhk.jupload2.filedata.PictureFileDataTest" name="testInitTransformedPictureFile_Smaller_maxHeight"/>
  <testcase time="0.029" classname="wjhk.jupload2.filedata.PictureFileDataTest" name="testInitTransformedPictureFile_Bigger_maxHeight"/>
  <testcase time="0.024" classname="wjhk.jupload2.filedata.PictureFileDataTest" name="testInitWidthAndHeight"/>
  <testcase time="0.016" classname="wjhk.jupload2.filedata.PictureFileDataTest" name="testCreateTransformedPictureFile"/>
  <testcase time="0.012" classname="wjhk.jupload2.filedata.PictureFileDataTest" name="testCreateWorkingCopyTempFile"/>
  <testcase time="0.015" classname="wjhk.jupload2.filedata.PictureFileDataTest" name="testGetWorkingSourceFile"/>
  <testcase time="0.175" classname="wjhk.jupload2.filedata.PictureFileDataTest" name="testGetImageIcon"/>
  <testcase time="0.013" classname="wjhk.jupload2.filedata.PictureFileDataTest" name="testIsFileAPicture"/>
</testsuite>